<?xml version="1.0" encoding="UTF-8"?>
<testsuite xmlns:xsi="http://www.w3.org/2001/XMLSchema-instance" xsi:noNamespaceSchemaLocation="https://maven.apache.org/surefire/maven-surefire-plugin/xsd/surefire-test-report.xsd" name="controller.RegisterServletTest" time="0.001" tests="6" errors="0" skipped="0" failures="0">
  <properties>
[...]
</properties>
  <testcase name="testRegistrationWithExistingEmail" classname="controller.RegisterServletTest" time="0"/>
  <testcase name="testSuccessfulRegistration" classname="controller.RegisterServletTest" time="0"/>
  <testcase name="testRegistrationAsPassenger" classname="controller.RegisterServletTest" time="0"/>
  <testcase name="testRegistrationAsDriver" classname="controller.RegisterServletTest" time="0"/>
  <testcase name="testRegistrationWithInvalidEmail" classname="controller.RegisterServletTest" time="0"/>
  <testcase name="testRegistrationWithEmptyFields" classname="controller.RegisterServletTest" time="0"/>
</testsuite>